2024-12-02 02:38:31,678 - INFO - Data will be saved in file: data.csv
2024-12-02 02:38:31,680 - INFO - Tello instance was initialized. Host: '192.168.10.1'. Port: '8889'.
2024-12-02 02:38:31,681 - INFO - Send command: 'command'
2024-12-02 02:38:31,786 - INFO - Response command: 'ok'
2024-12-02 02:38:31,841 - INFO - DroneController initialized with max_range=60 cm.
2024-12-02 02:38:31,900 - INFO - Send command: 'takeoff'
2024-12-02 02:38:39,173 - INFO - Response takeoff: 'ok'
2024-12-02 02:38:39,173 - INFO - Drone takeoff initiated.
2024-12-02 02:38:44,175 - INFO - Drone position set to: {'x': 0, 'y': 0, 'z': 10}
2024-12-02 02:38:44,177 - INFO - Drone takeoff completed. Current position: {'x': 0, 'y': 0, 'z': 10}
2024-12-02 02:38:44,702 - INFO - Serial port '/dev/tty.usbserial-1130' opened successfully.
2024-12-02 02:38:44,702 - INFO - SerialReaderThread started.
2024-12-02 02:38:44,703 - INFO - DataHandlerThread started.
2024-12-02 02:38:45,649 - INFO - Loaded SVM model from 'svm_model.joblib'.
2024-12-02 02:38:45,649 - INFO - PredictionThread started.
2024-12-02 02:38:45,649 - INFO - PredictionThread started.
2024-12-02 02:38:48,042 - INFO - Predicted Gesture: Neutral, Confidence: 0.53
2024-12-02 02:38:48,042 - INFO - Neutral and True
2024-12-02 02:38:48,149 - INFO - Predicted Gesture: Neutral, Confidence: 0.52
2024-12-02 02:38:48,149 - INFO - Neutral and True
2024-12-02 02:38:48,257 - INFO - Predicted Gesture: Neutral, Confidence: 0.53
2024-12-02 02:38:48,257 - INFO - Neutral and True
2024-12-02 02:38:48,371 - INFO - Predicted Gesture: Neutral, Confidence: 0.56
2024-12-02 02:38:48,371 - INFO - Neutral and True
2024-12-02 02:38:48,476 - INFO - Predicted Gesture: Neutral, Confidence: 0.57
2024-12-02 02:38:48,477 - INFO - Neutral and True
2024-12-02 02:38:48,583 - INFO - Predicted Gesture: Neutral, Confidence: 0.62
2024-12-02 02:38:48,583 - INFO - Neutral and True
2024-12-02 02:38:48,692 - INFO - Predicted Gesture: Neutral, Confidence: 0.57
2024-12-02 02:38:48,693 - INFO - Neutral and True
2024-12-02 02:38:48,801 - INFO - Predicted Gesture: Neutral, Confidence: 0.51
2024-12-02 02:38:48,801 - INFO - Neutral and True
2024-12-02 02:38:48,910 - INFO - Predicted Gesture: Neutral, Confidence: 0.54
2024-12-02 02:38:48,911 - INFO - Neutral and True
2024-12-02 02:38:49,019 - INFO - Predicted Gesture: Neutral, Confidence: 0.53
2024-12-02 02:38:49,019 - INFO - Neutral and True
2024-12-02 02:38:49,125 - INFO - Predicted Gesture: Neutral, Confidence: 0.55
2024-12-02 02:38:49,126 - INFO - Neutral and True
2024-12-02 02:38:49,239 - INFO - Predicted Gesture: Neutral, Confidence: 0.53
2024-12-02 02:38:49,239 - INFO - Neutral and True
2024-12-02 02:38:49,343 - INFO - Predicted Gesture: Neutral, Confidence: 0.42
2024-12-02 02:38:49,343 - INFO - Neutral and True
2024-12-02 02:38:49,450 - INFO - Predicted Gesture: Neutral, Confidence: 0.42
2024-12-02 02:38:49,451 - INFO - Neutral and True
2024-12-02 02:38:49,559 - INFO - Predicted Gesture: Right, Confidence: 0.52
2024-12-02 02:38:49,559 - INFO - Right and True
2024-12-02 02:38:49,560 - INFO - Executing command for gesture: Right
2024-12-02 02:38:49,560 - INFO - Send command: 'cw 90'
2024-12-02 02:38:49,665 - INFO - Response cw 90: 'error Auto land'
2024-12-02 02:38:49,668 - INFO - Send command: 'cw 90'
2024-12-02 02:38:49,773 - INFO - Response cw 90: 'error Auto land'
2024-12-02 02:38:49,774 - INFO - Send command: 'cw 90'
2024-12-02 02:38:49,879 - INFO - Response cw 90: 'error Auto land'
2024-12-02 02:38:49,881 - ERROR - Unexpected error in PredictionThread: Command 'cw 90' was unsuccessful for 4 tries. Latest response:	'error Auto land'
2024-12-02 02:38:49,987 - INFO - Predicted Gesture: Right, Confidence: 0.52
2024-12-02 02:38:49,987 - INFO - Right and True
2024-12-02 02:38:49,987 - INFO - Executing command for gesture: Right
2024-12-02 02:38:49,987 - INFO - Send command: 'cw 90'
2024-12-02 02:38:50,089 - INFO - Response cw 90: 'error Auto land'
2024-12-02 02:38:50,090 - INFO - Send command: 'cw 90'
2024-12-02 02:38:50,191 - INFO - Response cw 90: 'error Auto land'
2024-12-02 02:38:50,193 - INFO - Send command: 'cw 90'
2024-12-02 02:38:50,298 - INFO - Response cw 90: 'error Auto land'
2024-12-02 02:38:50,299 - ERROR - Unexpected error in PredictionThread: Command 'cw 90' was unsuccessful for 4 tries. Latest response:	'error Auto land'
2024-12-02 02:38:50,411 - INFO - Predicted Gesture: Right, Confidence: 0.52
2024-12-02 02:38:50,411 - INFO - Right and True
2024-12-02 02:38:50,411 - INFO - Executing command for gesture: Right
2024-12-02 02:38:50,411 - INFO - Send command: 'cw 90'
2024-12-02 02:38:50,517 - INFO - Response cw 90: 'error Auto land'
2024-12-02 02:38:50,526 - INFO - Send command: 'cw 90'
2024-12-02 02:38:50,632 - INFO - Response cw 90: 'error Auto land'
2024-12-02 02:38:50,633 - INFO - Send command: 'cw 90'
2024-12-02 02:38:50,735 - INFO - Response cw 90: 'error Auto land'
2024-12-02 02:38:50,735 - ERROR - Unexpected error in PredictionThread: Command 'cw 90' was unsuccessful for 4 tries. Latest response:	'error Auto land'
2024-12-02 02:38:50,843 - INFO - Predicted Gesture: Right, Confidence: 0.52
2024-12-02 02:38:50,843 - INFO - Right and True
2024-12-02 02:38:50,843 - INFO - Executing command for gesture: Right
2024-12-02 02:38:50,844 - INFO - Send command: 'cw 90'
2024-12-02 02:38:50,951 - INFO - Response cw 90: 'error Auto land'
2024-12-02 02:38:50,953 - INFO - Send command: 'cw 90'
2024-12-02 02:38:51,058 - INFO - Response cw 90: 'error Auto land'
2024-12-02 02:38:51,059 - INFO - Send command: 'cw 90'
2024-12-02 02:38:51,164 - INFO - Response cw 90: 'error Auto land'
2024-12-02 02:38:51,164 - ERROR - Unexpected error in PredictionThread: Command 'cw 90' was unsuccessful for 4 tries. Latest response:	'error Auto land'
2024-12-02 02:38:51,267 - INFO - Predicted Gesture: Right, Confidence: 0.52
2024-12-02 02:38:51,267 - INFO - Right and True
2024-12-02 02:38:51,267 - INFO - Executing command for gesture: Right
2024-12-02 02:38:51,267 - INFO - Send command: 'cw 90'
2024-12-02 02:38:51,370 - INFO - Response cw 90: 'error Auto land'
2024-12-02 02:38:51,371 - INFO - Send command: 'cw 90'
2024-12-02 02:38:51,475 - INFO - Response cw 90: 'error Auto land'
2024-12-02 02:38:51,476 - INFO - Send command: 'cw 90'
2024-12-02 02:38:51,580 - INFO - Response cw 90: 'error Motor stop'
2024-12-02 02:38:51,580 - ERROR - Unexpected error in PredictionThread: Command 'cw 90' was unsuccessful for 4 tries. Latest response:	'error Motor stop'
2024-12-02 02:38:51,684 - INFO - Predicted Gesture: Right, Confidence: 0.52
2024-12-02 02:38:51,684 - INFO - Right and True
2024-12-02 02:38:51,685 - INFO - Executing command for gesture: Right
2024-12-02 02:38:51,685 - INFO - Send command: 'cw 90'
2024-12-02 02:38:51,790 - INFO - Response cw 90: 'error Motor stop'
2024-12-02 02:38:51,790 - INFO - Send command: 'cw 90'
2024-12-02 02:38:51,896 - INFO - Response cw 90: 'error Motor stop'
2024-12-02 02:38:51,897 - INFO - Send command: 'cw 90'
2024-12-02 02:38:52,003 - INFO - Response cw 90: 'error Motor stop'
2024-12-02 02:38:52,003 - ERROR - Unexpected error in PredictionThread: Command 'cw 90' was unsuccessful for 4 tries. Latest response:	'error Motor stop'
2024-12-02 02:38:52,108 - INFO - Predicted Gesture: Right, Confidence: 0.52
2024-12-02 02:38:52,108 - INFO - Right and True
2024-12-02 02:38:52,108 - INFO - Executing command for gesture: Right
2024-12-02 02:38:52,108 - INFO - Send command: 'cw 90'
2024-12-02 02:38:52,209 - INFO - Response cw 90: 'error Motor stop'
2024-12-02 02:38:52,209 - INFO - Send command: 'cw 90'
2024-12-02 02:38:52,317 - INFO - Response cw 90: 'error Motor stop'
2024-12-02 02:38:52,318 - INFO - Send command: 'cw 90'
2024-12-02 02:38:52,419 - INFO - Response cw 90: 'error Motor stop'
2024-12-02 02:38:52,419 - ERROR - Unexpected error in PredictionThread: Command 'cw 90' was unsuccessful for 4 tries. Latest response:	'error Motor stop'
2024-12-02 02:38:52,530 - INFO - Predicted Gesture: Right, Confidence: 0.62
2024-12-02 02:38:52,530 - INFO - Right and True
2024-12-02 02:38:52,530 - INFO - Executing command for gesture: Right
2024-12-02 02:38:52,530 - INFO - Send command: 'cw 90'
2024-12-02 02:38:52,636 - INFO - Response cw 90: 'error Motor stop'
2024-12-02 02:38:52,637 - INFO - Send command: 'cw 90'
2024-12-02 02:38:52,645 - INFO - 
Shutting down gracefully...
2024-12-02 02:38:52,645 - INFO - 
Interrupted by user.
2024-12-02 02:38:52,649 - INFO - SerialReaderThread stopped.
2024-12-02 02:38:52,741 - INFO - Response cw 90: 'error Motor stop'
2024-12-02 02:38:52,741 - INFO - Send command: 'cw 90'
2024-12-02 02:38:52,846 - INFO - Response cw 90: 'error Motor stop'
2024-12-02 02:38:52,846 - ERROR - Unexpected error in PredictionThread: Command 'cw 90' was unsuccessful for 4 tries. Latest response:	'error Motor stop'
2024-12-02 02:38:52,920 - INFO - 
Shutting down gracefully...
2024-12-02 02:38:52,951 - INFO - Predicted Gesture: Right, Confidence: 0.52
2024-12-02 02:38:52,952 - INFO - Right and True
2024-12-02 02:38:52,952 - INFO - Executing command for gesture: Right
2024-12-02 02:38:52,952 - INFO - Send command: 'cw 90'
2024-12-02 02:38:53,058 - INFO - Response cw 90: 'error Motor stop'
2024-12-02 02:38:53,059 - INFO - Send command: 'cw 90'
2024-12-02 02:38:53,146 - INFO - 
Shutting down gracefully...
2024-12-02 02:39:21,732 - INFO - Data will be saved in file: data.csv
2024-12-02 02:39:21,732 - INFO - Tello instance was initialized. Host: '192.168.10.1'. Port: '8889'.
2024-12-02 02:39:21,733 - INFO - Send command: 'command'
2024-12-02 02:39:21,838 - INFO - Response command: 'ok'
2024-12-02 02:39:21,838 - INFO - DroneController initialized with max_range=60 cm.
2024-12-02 02:39:21,839 - INFO - Send command: 'takeoff'
2024-12-02 02:39:25,572 - INFO - Response takeoff: 'ok'
2024-12-02 02:39:25,573 - INFO - Drone takeoff initiated.
2024-12-02 02:39:30,577 - INFO - Drone position set to: {'x': 0, 'y': 0, 'z': 10}
2024-12-02 02:39:30,577 - INFO - Drone takeoff completed. Current position: {'x': 0, 'y': 0, 'z': 10}
2024-12-02 02:39:31,104 - INFO - Serial port '/dev/tty.usbserial-1130' opened successfully.
2024-12-02 02:39:31,105 - INFO - SerialReaderThread started.
2024-12-02 02:39:31,105 - INFO - DataHandlerThread started.
2024-12-02 02:39:31,986 - INFO - Loaded SVM model from 'svm_model.joblib'.
2024-12-02 02:39:31,987 - INFO - PredictionThread started.
2024-12-02 02:39:31,987 - INFO - PredictionThread started.
2024-12-02 02:39:34,368 - INFO - Predicted Gesture: Left, Confidence: 0.39
2024-12-02 02:39:34,368 - INFO - Left and False
2024-12-02 02:39:34,480 - INFO - Predicted Gesture: Left, Confidence: 0.40
2024-12-02 02:39:34,480 - INFO - Left and False
2024-12-02 02:39:34,590 - INFO - Predicted Gesture: Left, Confidence: 0.40
2024-12-02 02:39:34,591 - INFO - Left and True
2024-12-02 02:39:34,591 - INFO - Executing command for gesture: Left
2024-12-02 02:39:34,591 - INFO - Send command: 'ccw 90'
2024-12-02 02:39:36,884 - INFO - Response ccw 90: 'ok'
2024-12-02 02:39:36,884 - INFO - Rotated left by 90 degrees.
2024-12-02 02:39:36,994 - INFO - Predicted Gesture: Left, Confidence: 0.48
2024-12-02 02:39:36,995 - INFO - Left and True
2024-12-02 02:39:36,997 - INFO - Predicted Gesture: Left, Confidence: 0.41
2024-12-02 02:39:36,997 - INFO - Left and True
2024-12-02 02:39:36,998 - INFO - Predicted Gesture: Left, Confidence: 0.36
2024-12-02 02:39:36,999 - INFO - Left and False
2024-12-02 02:39:37,000 - INFO - Predicted Gesture: Left, Confidence: 0.42
2024-12-02 02:39:37,000 - INFO - Left and True
2024-12-02 02:39:37,001 - INFO - Predicted Gesture: Left, Confidence: 0.61
2024-12-02 02:39:37,002 - INFO - Left and True
2024-12-02 02:39:37,003 - INFO - Predicted Gesture: Left, Confidence: 0.30
2024-12-02 02:39:37,003 - INFO - Left and False
2024-12-02 02:39:37,004 - INFO - Predicted Gesture: Neutral, Confidence: 0.45
2024-12-02 02:39:37,004 - INFO - Neutral and True
2024-12-02 02:39:37,116 - INFO - Predicted Gesture: Right, Confidence: 0.46
2024-12-02 02:39:37,117 - INFO - Right and True
2024-12-02 02:39:37,229 - INFO - Predicted Gesture: Neutral, Confidence: 0.39
2024-12-02 02:39:37,229 - INFO - Neutral and False
2024-12-02 02:39:37,339 - INFO - Predicted Gesture: Neutral, Confidence: 0.56
2024-12-02 02:39:37,339 - INFO - Neutral and True
2024-12-02 02:39:37,449 - INFO - Predicted Gesture: Up, Confidence: 0.46
2024-12-02 02:39:37,450 - INFO - Up and True
2024-12-02 02:39:37,557 - INFO - Predicted Gesture: Up, Confidence: 0.49
2024-12-02 02:39:37,558 - INFO - Up and True
2024-12-02 02:39:37,667 - INFO - Predicted Gesture: Left, Confidence: 0.50
2024-12-02 02:39:37,669 - INFO - Left and True
2024-12-02 02:39:37,776 - INFO - Predicted Gesture: Left, Confidence: 0.59
2024-12-02 02:39:37,776 - INFO - Left and True
2024-12-02 02:39:37,888 - INFO - Predicted Gesture: Neutral, Confidence: 0.64
2024-12-02 02:39:37,889 - INFO - Neutral and True
2024-12-02 02:39:38,001 - INFO - Predicted Gesture: Neutral, Confidence: 0.79
2024-12-02 02:39:38,002 - INFO - Neutral and True
2024-12-02 02:39:38,113 - INFO - Predicted Gesture: Neutral, Confidence: 0.84
2024-12-02 02:39:38,114 - INFO - Neutral and True
2024-12-02 02:39:38,222 - INFO - Predicted Gesture: Neutral, Confidence: 0.84
2024-12-02 02:39:38,223 - INFO - Neutral and True
2024-12-02 02:39:38,333 - INFO - Predicted Gesture: Neutral, Confidence: 0.75
2024-12-02 02:39:38,333 - INFO - Neutral and True
2024-12-02 02:39:38,445 - INFO - Predicted Gesture: Down, Confidence: 0.49
2024-12-02 02:39:38,445 - INFO - Down and True
2024-12-02 02:39:38,549 - INFO - Predicted Gesture: Down, Confidence: 0.39
2024-12-02 02:39:38,550 - INFO - Down and False
2024-12-02 02:39:38,664 - INFO - Predicted Gesture: Neutral, Confidence: 0.42
2024-12-02 02:39:38,664 - INFO - Neutral and True
2024-12-02 02:39:38,772 - INFO - Predicted Gesture: Neutral, Confidence: 0.43
2024-12-02 02:39:38,772 - INFO - Neutral and True
2024-12-02 02:40:02,859 - INFO - 
Shutting down gracefully...
2024-12-02 02:40:02,860 - INFO - 
Interrupted by user.
2024-12-02 02:40:02,863 - INFO - SerialReaderThread stopped.
2024-12-02 02:40:03,057 - INFO - 
Shutting down gracefully...
2024-12-02 02:40:03,260 - INFO - 
Shutting down gracefully...
2024-12-02 02:41:35,961 - INFO - Data will be saved in file: data.csv
2024-12-02 02:41:35,961 - INFO - Tello instance was initialized. Host: '192.168.10.1'. Port: '8889'.
2024-12-02 02:41:35,962 - INFO - Send command: 'command'
2024-12-02 02:41:36,065 - INFO - Response command: 'ok'
2024-12-02 02:41:36,066 - INFO - DroneController initialized with max_range=60 cm.
2024-12-02 02:41:36,066 - INFO - Send command: 'takeoff'
2024-12-02 02:41:36,171 - INFO - Response takeoff: 'error'
2024-12-02 02:41:36,172 - INFO - Send command: 'takeoff'
2024-12-02 02:41:36,273 - INFO - Response takeoff: 'error'
2024-12-02 02:41:36,273 - INFO - Send command: 'takeoff'
2024-12-02 02:41:36,376 - INFO - Response takeoff: 'error'
2024-12-02 02:41:36,377 - ERROR - Failed to initialize drone: Command 'takeoff' was unsuccessful for 4 tries. Latest response:	'error'
2024-12-02 02:41:41,345 - INFO - Data will be saved in file: data.csv
2024-12-02 02:41:41,345 - INFO - Tello instance was initialized. Host: '192.168.10.1'. Port: '8889'.
2024-12-02 02:41:41,346 - INFO - Send command: 'command'
2024-12-02 02:41:41,455 - INFO - Response command: 'ok'
2024-12-02 02:41:41,455 - INFO - DroneController initialized with max_range=60 cm.
2024-12-02 02:41:41,456 - INFO - Send command: 'takeoff'
2024-12-02 02:41:41,560 - INFO - Response takeoff: 'error'
2024-12-02 02:41:41,561 - INFO - Send command: 'takeoff'
2024-12-02 02:41:41,665 - INFO - Response takeoff: 'error'
2024-12-02 02:41:41,666 - INFO - Send command: 'takeoff'
2024-12-02 02:41:41,769 - INFO - Response takeoff: 'error'
2024-12-02 02:41:41,769 - ERROR - Failed to initialize drone: Command 'takeoff' was unsuccessful for 4 tries. Latest response:	'error'
2024-12-02 12:53:46,913 - INFO - Data will be saved in file: data.csv
2024-12-02 12:53:46,913 - INFO - Tello instance was initialized. Host: '192.168.10.1'. Port: '8889'.
2024-12-02 12:53:46,914 - INFO - Send command: 'command'
2024-12-02 12:53:47,016 - INFO - Response command: 'ok'
2024-12-02 12:53:47,071 - INFO - DroneController initialized with max_range=60 cm.
2024-12-02 12:53:47,127 - INFO - Send command: 'takeoff'
2024-12-02 12:53:47,233 - INFO - Response takeoff: 'error'
2024-12-02 12:53:47,236 - INFO - Send command: 'takeoff'
2024-12-02 12:53:47,340 - INFO - Response takeoff: 'error'
2024-12-02 12:53:47,342 - INFO - Send command: 'takeoff'
2024-12-02 12:53:47,448 - INFO - Response takeoff: 'error'
2024-12-02 12:53:47,450 - ERROR - Failed to initialize drone: Command 'takeoff' was unsuccessful for 4 tries. Latest response:	'error'
2024-12-02 12:53:56,401 - INFO - Data will be saved in file: data.csv
2024-12-02 12:53:56,401 - INFO - Tello instance was initialized. Host: '192.168.10.1'. Port: '8889'.
2024-12-02 12:53:56,402 - INFO - Send command: 'command'
2024-12-02 12:53:56,507 - INFO - Response command: 'ok'
2024-12-02 12:53:56,508 - INFO - DroneController initialized with max_range=60 cm.
2024-12-02 12:53:56,508 - INFO - Send command: 'takeoff'
2024-12-02 12:53:56,612 - INFO - Response takeoff: 'error'
2024-12-02 12:53:56,613 - INFO - Send command: 'takeoff'
2024-12-02 12:53:56,716 - INFO - Response takeoff: 'error'
2024-12-02 12:53:56,717 - INFO - Send command: 'takeoff'
2024-12-02 12:53:56,819 - INFO - Response takeoff: 'error'
2024-12-02 12:53:56,820 - ERROR - Failed to initialize drone: Command 'takeoff' was unsuccessful for 4 tries. Latest response:	'error'
2024-12-02 13:07:01,665 - INFO - Data will be saved in file: data.csv
2024-12-02 13:07:01,666 - INFO - Tello instance was initialized. Host: '192.168.10.1'. Port: '8889'.
2024-12-02 13:07:01,667 - INFO - Send command: 'command'
2024-12-02 13:07:01,772 - INFO - Response command: 'ok'
2024-12-02 13:07:01,879 - INFO - DroneController initialized with max_range=60 cm.
2024-12-02 13:07:01,880 - INFO - Send command: 'takeoff'
2024-12-02 13:07:08,469 - INFO - Response takeoff: 'ok'
2024-12-02 13:07:08,470 - INFO - Drone takeoff initiated.
2024-12-02 13:07:13,471 - INFO - Drone position set to: {'x': 0, 'y': 0, 'z': 10}
2024-12-02 13:07:13,472 - INFO - Drone takeoff completed. Current position: {'x': 0, 'y': 0, 'z': 10}
2024-12-02 13:07:14,006 - INFO - Serial port '/dev/tty.usbserial-1130' opened successfully.
2024-12-02 13:07:14,007 - INFO - SerialReaderThread started.
2024-12-02 13:07:14,018 - INFO - DataHandlerThread started.
2024-12-02 13:07:14,973 - INFO - Loaded SVM model from 'svm_model.joblib'.
2024-12-02 13:07:14,973 - INFO - PredictionThread started.
2024-12-02 13:07:14,973 - INFO - PredictionThread started.
2024-12-02 13:07:17,295 - INFO - Predicted Gesture: Right, Confidence: 0.86
2024-12-02 13:07:17,296 - INFO - Right and True
2024-12-02 13:07:17,296 - INFO - Executing command for gesture: Right
2024-12-02 13:07:17,296 - INFO - Send command: 'cw 90'
2024-12-02 13:07:19,516 - INFO - Response cw 90: 'ok'
2024-12-02 13:07:19,517 - INFO - Rotated right by 90 degrees.
2024-12-02 13:07:19,628 - INFO - Predicted Gesture: Right, Confidence: 0.86
2024-12-02 13:07:19,629 - INFO - Right and True
2024-12-02 13:07:19,629 - INFO - Executing command for gesture: Right
2024-12-02 13:07:19,629 - INFO - Send command: 'cw 90'
2024-12-02 13:07:21,729 - INFO - Response cw 90: 'ok'
2024-12-02 13:07:21,729 - INFO - Rotated right by 90 degrees.
2024-12-02 13:07:21,731 - INFO - Predicted Gesture: Right, Confidence: 0.89
2024-12-02 13:07:21,731 - INFO - Right and True
2024-12-02 13:07:21,731 - INFO - Executing command for gesture: Right
2024-12-02 13:07:21,734 - INFO - Send command: 'cw 90'
2024-12-02 13:07:23,947 - INFO - Response cw 90: 'ok'
2024-12-02 13:07:23,948 - INFO - Rotated right by 90 degrees.
2024-12-02 13:07:23,951 - INFO - Predicted Gesture: Right, Confidence: 0.89
2024-12-02 13:07:23,951 - INFO - Right and True
2024-12-02 13:07:23,951 - INFO - Executing command for gesture: Right
2024-12-02 13:07:23,957 - INFO - Send command: 'cw 90'
2024-12-02 13:07:26,150 - INFO - Response cw 90: 'ok'
2024-12-02 13:07:26,151 - INFO - Rotated right by 90 degrees.
2024-12-02 13:07:26,163 - INFO - Predicted Gesture: Right, Confidence: 0.91
2024-12-02 13:07:26,163 - INFO - Right and True
2024-12-02 13:07:26,163 - INFO - Executing command for gesture: Right
2024-12-02 13:07:26,180 - INFO - Send command: 'cw 90'
2024-12-02 13:07:28,276 - INFO - Response cw 90: 'ok'
2024-12-02 13:07:28,278 - INFO - Rotated right by 90 degrees.
2024-12-02 13:07:28,280 - INFO - Predicted Gesture: Right, Confidence: 0.95
2024-12-02 13:07:28,280 - INFO - Right and True
2024-12-02 13:07:28,280 - INFO - Executing command for gesture: Right
2024-12-02 13:07:28,287 - INFO - Send command: 'cw 90'
2024-12-02 13:07:30,382 - INFO - Response cw 90: 'ok'
2024-12-02 13:07:30,385 - INFO - Rotated right by 90 degrees.
2024-12-02 13:07:30,387 - INFO - Predicted Gesture: Right, Confidence: 0.90
2024-12-02 13:07:30,387 - INFO - Right and True
2024-12-02 13:07:30,387 - INFO - Executing command for gesture: Right
2024-12-02 13:07:30,394 - INFO - Send command: 'cw 90'
2024-12-02 13:07:32,467 - INFO - Response cw 90: 'ok'
2024-12-02 13:07:32,467 - INFO - Rotated right by 90 degrees.
2024-12-02 13:07:32,575 - INFO - Predicted Gesture: Neutral, Confidence: 0.34
2024-12-02 13:07:32,575 - INFO - Neutral and False
2024-12-02 13:07:32,577 - INFO - Predicted Gesture: Left, Confidence: 0.37
2024-12-02 13:07:32,577 - INFO - Left and False
2024-12-02 13:07:32,578 - INFO - Predicted Gesture: Left, Confidence: 0.51
2024-12-02 13:07:32,578 - INFO - Left and True
2024-12-02 13:07:32,578 - INFO - Executing command for gesture: Left
2024-12-02 13:07:32,578 - INFO - Send command: 'ccw 90'
2024-12-02 13:07:35,398 - INFO - Response ccw 90: 'ok'
2024-12-02 13:07:35,399 - INFO - Rotated left by 90 degrees.
2024-12-02 13:07:35,401 - INFO - Predicted Gesture: Left, Confidence: 0.46
2024-12-02 13:07:35,402 - INFO - Left and False
2024-12-02 13:07:35,403 - INFO - Predicted Gesture: Left, Confidence: 0.60
2024-12-02 13:07:35,403 - INFO - Left and True
2024-12-02 13:07:35,403 - INFO - Executing command for gesture: Left
2024-12-02 13:07:35,408 - INFO - Send command: 'ccw 90'
2024-12-02 13:07:37,602 - INFO - Response ccw 90: 'ok'
2024-12-02 13:07:37,603 - INFO - Rotated left by 90 degrees.
2024-12-02 13:07:37,605 - INFO - Predicted Gesture: Left, Confidence: 0.69
2024-12-02 13:07:37,605 - INFO - Left and True
2024-12-02 13:07:37,605 - INFO - Executing command for gesture: Left
2024-12-02 13:07:37,610 - INFO - Send command: 'ccw 90'
2024-12-02 13:07:39,471 - INFO - Response ccw 90: 'ok'
2024-12-02 13:07:39,473 - INFO - Rotated left by 90 degrees.
2024-12-02 13:08:02,150 - INFO - 
Shutting down gracefully...
2024-12-02 13:08:02,152 - INFO - 
Interrupted by user.
2024-12-02 13:08:02,158 - INFO - SerialReaderThread stopped.
2024-12-02 13:08:02,357 - INFO - 
Shutting down gracefully...
2024-12-02 13:08:08,349 - INFO - 
Shutting down gracefully...
2024-12-02 13:08:35,403 - INFO - Data will be saved in file: data.csv
2024-12-02 13:08:35,404 - INFO - Tello instance was initialized. Host: '192.168.10.1'. Port: '8889'.
2024-12-02 13:08:35,404 - INFO - Send command: 'command'
2024-12-02 13:08:35,510 - INFO - Response command: 'ok'
2024-12-02 13:08:35,510 - INFO - DroneController initialized with max_range=60 cm.
2024-12-02 13:08:35,510 - INFO - Send command: 'takeoff'
2024-12-02 13:08:35,615 - INFO - Response takeoff: 'error'
2024-12-02 13:08:35,616 - INFO - Send command: 'takeoff'
2024-12-02 13:08:35,721 - INFO - Response takeoff: 'error'
2024-12-02 13:08:35,722 - INFO - Send command: 'takeoff'
2024-12-02 13:08:35,823 - INFO - Response takeoff: 'error'
2024-12-02 13:08:35,824 - ERROR - Failed to initialize drone: Command 'takeoff' was unsuccessful for 4 tries. Latest response:	'error'
